Using pre-set license

 COMMAND LINE ARGUMENTS:
/Applications/Unity/Hub/Editor/2020.3.0f1/Unity.app/Contents/MacOS/Unity
-adb2
-batchMode
-noUpm
-name
AssetImportWorker0
-projectPath
/Users/mateomiccino/DCLVideoPlayerTest
-logFile
Logs/AssetImportWorker0.log
-srvPort
52721
Successfully changed project path to: /Users/mateomiccino/DCLVideoPlayerTest
/Users/mateomiccino/DCLVideoPlayerTest
Using Asset Import Pipeline V2.
Refreshing native plugins compatible for Editor in 22.88 ms, found 2 plugins.
Preloading 0 native plugins for Editor in 0.00 ms.
Initialize engine version: 2020.3.0f1 (c7b5465681fb)
[Subsystems] Discovering subsystems at path /Applications/Unity/Hub/Editor/2020.3.0f1/Unity.app/Contents/Resources/UnitySubsystems
[Subsystems] Discovering subsystems at path /Users/mateomiccino/DCLVideoPlayerTest/Assets
GfxDevice: creating device client; threaded=0
2022-03-17 23:24:54.813 Unity[26494:696191] (null) preferred device: Apple M1 Pro (high power)
2022-03-17 23:24:54.813 Unity[26494:696191] Metal devices available: 1
2022-03-17 23:24:54.813 Unity[26494:696191] 0: Apple M1 Pro (high power)
2022-03-17 23:24:54.813 Unity[26494:696191] Using device Apple M1 Pro (high power)
Initializing Metal device caps: Apple M1 Pro
Initialize mono
Mono path[0] = '/Applications/Unity/Hub/Editor/2020.3.0f1/Unity.app/Contents/Managed'
Mono path[1] = '/Applications/Unity/Hub/Editor/2020.3.0f1/Unity.app/Contents/MonoBleedingEdge/lib/mono/unityjit'
Mono config path = '/Applications/Unity/Hub/Editor/2020.3.0f1/Unity.app/Contents/MonoBleedingEdge/etc'
Using monoOptions --debugger-agent=transport=dt_socket,embedding=1,server=y,suspend=n,address=127.0.0.1:56494
Begin MonoManager ReloadAssembly
Registering precompiled unity dll's ...
Register platform support module: /Applications/Unity/Hub/Editor/2020.3.0f1/Unity.app/Contents/PlaybackEngines/MacStandaloneSupport/UnityEditor.OSXStandalone.Extensions.dll
Registered in 0.000319 seconds.
Native extension for OSXStandalone target not found
Refreshing native plugins compatible for Editor in 24.56 ms, found 2 plugins.
Preloading 0 native plugins for Editor in 0.00 ms.
Invoked RoslynAnalysisRunner static constructor.
RoslynAnalysisRunner will not be running.
RoslynAnalysisRunner has terminated.
Mono: successfully reloaded assembly
- Completed reload, in  1.564 seconds
Platform modules already initialized, skipping
Registering precompiled user dll's ...
Registered in 0.000231 seconds.
Begin MonoManager ReloadAssembly
Native extension for OSXStandalone target not found
Refreshing native plugins compatible for Editor in 0.22 ms, found 2 plugins.
Preloading 0 native plugins for Editor in 0.00 ms.
Invoked RoslynAnalysisRunner static constructor.
RoslynAnalysisRunner will not be running.
RoslynAnalysisRunner has terminated.
Mono: successfully reloaded assembly
- Completed reload, in  1.621 seconds
Platform modules already initialized, skipping
========================================================================
Worker process is ready to serve import requests
Launching external process: /Applications/Unity/Hub/Editor/2020.3.0f1/Unity.app/Contents/Tools/UnityShaderCompiler
Launched and connected shader compiler UnityShaderCompiler after 0.02 seconds
Refreshing native plugins compatible for Editor in 0.17 ms, found 2 plugins.
Preloading 0 native plugins for Editor in 0.00 ms.
Unloading 1117 Unused Serialized files (Serialized files now loaded: 0)
System memory in use before: 107.2 MB.
System memory in use after: 107.3 MB.

Unloading 10 unused Assets to reduce memory usage. Loaded Objects now: 1560.
Total: 1.286583 ms (FindLiveObjects: 0.197500 ms CreateObjectMapping: 0.049792 ms MarkObjects: 0.980333 ms  DeleteObjects: 0.058167 ms)

========================================================================
Received Import Request.
  path: Assets/Scenes/DCLVideoPlayerExample.cs
  artifactKey: Guid(1cb0afbfb325348a3852c7f476a80ce5) Importer(815301076,1909f56bfc062723c751e8b465ee728b)
Start importing Assets/Scenes/DCLVideoPlayerExample.cs using Guid(1cb0afbfb325348a3852c7f476a80ce5) Importer(815301076,1909f56bfc062723c751e8b465ee728b)  -> (artifact id: '52023488a8bc30e51ccf24caf7950efb') in 0.106915 seconds
  Import took 0.108666 seconds .

========================================================================
Received Import Request.
  Time since last request: 0.000244 seconds.
  path: Assets/Scenes/DCLVideoPlayerExampleScene.unity
  artifactKey: Guid(9fc0d4010bbf28b4594072e72b8655ab) Importer(815301076,1909f56bfc062723c751e8b465ee728b)
Start importing Assets/Scenes/DCLVideoPlayerExampleScene.unity using Guid(9fc0d4010bbf28b4594072e72b8655ab) Importer(815301076,1909f56bfc062723c751e8b465ee728b)  -> (artifact id: '9296a225f07d4b9c1d999ee282dcc143') in 0.011587 seconds
  Import took 0.013138 seconds .

========================================================================
Received Import Request.
  Time since last request: 2.921669 seconds.
  path: Assets/Scenes/DCLVideoPlayerExampleScene.unity
  artifactKey: Guid(9fc0d4010bbf28b4594072e72b8655ab) Importer(815301076,1909f56bfc062723c751e8b465ee728b)
Start importing Assets/Scenes/DCLVideoPlayerExampleScene.unity using Guid(9fc0d4010bbf28b4594072e72b8655ab) Importer(815301076,1909f56bfc062723c751e8b465ee728b)  -> (artifact id: '9296a225f07d4b9c1d999ee282dcc143') in 0.001528 seconds
  Import took 0.003292 seconds .

========================================================================
Received Prepare
Registering precompiled user dll's ...
Registered in 0.000217 seconds.
Begin MonoManager ReloadAssembly
Native extension for OSXStandalone target not found
Refreshing native plugins compatible for Editor in 0.22 ms, found 2 plugins.
Preloading 0 native plugins for Editor in 0.00 ms.
Invoked RoslynAnalysisRunner static constructor.
RoslynAnalysisRunner will not be running.
RoslynAnalysisRunner has terminated.
Mono: successfully reloaded assembly
- Completed reload, in  1.553 seconds
Platform modules already initialized, skipping
Refreshing native plugins compatible for Editor in 0.17 ms, found 2 plugins.
Preloading 0 native plugins for Editor in 0.00 ms.
Unloading 1111 Unused Serialized files (Serialized files now loaded: 0)
System memory in use before: 111.5 MB.
System memory in use after: 111.5 MB.

Unloading 5 unused Assets to reduce memory usage. Loaded Objects now: 1563.
Total: 1.136708 ms (FindLiveObjects: 0.106834 ms CreateObjectMapping: 0.022916 ms MarkObjects: 0.991834 ms  DeleteObjects: 0.013916 ms)

AssetImportWorkerClient::OnTransportError - code=2 error=End of file
